ISim log file
Running: /home/ise/ISE_Virtual_Machine_interconnection/from0_SPI/Master_SPI_isim_beh.exe -intstyle ise -gui -tclbatch isim.cmd -wdb /home/ise/ISE_Virtual_Machine_interconnection/from0_SPI/Master_SPI_isim_beh.wdb 
ISim P.20131013 (signature 0xfbc00daa)
----------------------------------------------------------------------
WARNING:Security:42 - Your software subscription period has lapsed. Your current version of Xilinx tools will continue to function, but you no longer qualify for Xilinx software updates or new releases.


----------------------------------------------------------------------
This is a Full version of ISim.
Time resolution is 1 ps
# onerror resume
# wave add /
# run 1000 ns
Simulator is doing circuit initialization process.
Finished circuit initialization process.
# restart
# isim force add /master_spi/reset_n 0 -radix bin -time 1 ps
# isim force add /master_spi/reset_n 0 -radix bin -time 1 ps
# isim force add /master_spi/reset_n 0 -radix bin -time 1 ps
# run all
Simulator is doing circuit initialization process.
Finished circuit initialization process.
# run all
# run all
# run all
# restart
# run all
Simulator is doing circuit initialization process.
Finished circuit initialization process.
# isim force add /master_spi/reset_n 0 -radix bin
# isim force add /master_spi/reset_n 0 -radix bin
# run all
# run all
# run all
# run all
# run all
# run all
# isim force add /master_spi/reset_n 0 -radix bin
# isim force add /master_spi/reset_n 0 -radix bin
# run all
# run all
# run all
# run all
# run all
# run 1.00us
# restart
ISim P.20131013 (signature 0xfbc00daa)
----------------------------------------------------------------------
WARNING:Security:42 - Your software subscription period has lapsed. Your current version of Xilinx tools will continue to function, but you no longer qualify for Xilinx software updates or new releases.


----------------------------------------------------------------------
This is a Full version of ISim.
# run 1000 ns
Simulator is doing circuit initialization process.
Finished circuit initialization process.
# restart
# isim force add /master_spi/reset_n 0 -radix bin -cancel 5 ps
# isim force add /master_spi/reset_n 0 -radix bin -cancel 5 ps
# run 1.00us
Simulator is doing circuit initialization process.
Finished circuit initialization process.
# isim force add /master_spi/reset_n 0 -radix bin
# isim force add /master_spi/reset_n 0 -radix bin
# isim force add /master_spi/clk 1 -radix bin -value 0 -radix bin -time 500 fs -repeat 1 ps
# isim force add /master_spi/clk 1 -radix bin -value 0 -radix bin -time 500 fs -repeat 1 ps
# run 1.00us
# restart
# isim force add /master_spi/clk 1 -radix bin -value 0 -radix bin -time 500 fs -repeat 1 ps
# isim force add /master_spi/clk 1 -radix bin -value 0 -radix bin -time 500 fs -repeat 1 ps
# run 1.00us
Simulator is doing circuit initialization process.
Finished circuit initialization process.
# restart
# isim force add /master_spi/clk 0 -radix bin -value 1 -radix bin -time 500 fs -repeat 1 ps
# isim force add /master_spi/clk 0 -radix bin -value 1 -radix bin -time 500 fs -repeat 1 ps
# run 1.00us
Simulator is doing circuit initialization process.
Finished circuit initialization process.
# restart
# isim force add /master_spi/clk 1 -radix bin -value 0 -radix bin -time 1 ps -repeat 2 ps
# isim force add /master_spi/clk 1 -radix bin -value 0 -radix bin -time 1 ps -repeat 2 ps
# run all
Simulator is doing circuit initialization process.
Finished circuit initialization process.
Stopped at time : 13349820 ps : File "/home/ise/ISE_Virtual_Machine_interconnection/from0_SPI/Master_SPI.vhd" Line 26
# restart
# isim force add /master_spi/sclk 1 -radix bin -value 0 -radix bin -time 1 ps -repeat 2 ps -cancel 100 ps
# isim force add /master_spi/sclk 1 -radix bin -value 0 -radix bin -time 1 ps -repeat 2 ps -cancel 100 ps
# isim force add /master_spi/reset_n 0 -radix bin
# isim force add /master_spi/reset_n 0 -radix bin
# run all
Simulator is doing circuit initialization process.
Finished circuit initialization process.
# restart
# isim force add /master_spi/clk 1 -radix bin -value 0 -radix bin -time 500 fs -repeat 1 ps -cancel 100 ps
# isim force add /master_spi/clk 1 -radix bin -value 0 -radix bin -time 500 fs -repeat 1 ps -cancel 100 ps
# isim force add /master_spi/reset_n 0 -radix bin
# isim force add /master_spi/reset_n 0 -radix bin
# run all
Simulator is doing circuit initialization process.
Finished circuit initialization process.
# restart
# isim force add /master_spi/clk 1 -radix bin -value 0 -radix bin -time 500 fs -repeat 1 ps -cancel 100 ps
# isim force add /master_spi/clk 1 -radix bin -value 0 -radix bin -time 500 fs -repeat 1 ps -cancel 100 ps
# isim force add /master_spi/reset_n 0 -radix bin
# isim force add /master_spi/reset_n 0 -radix bin
# run all
Simulator is doing circuit initialization process.
Finished circuit initialization process.
# restart
# isim force add /master_spi/clk 0 -radix bin -value 1 -radix bin -time 500 fs -repeat 1 ps -cancel 100 ps
# isim force add /master_spi/clk 0 -radix bin -value 1 -radix bin -time 500 fs -repeat 1 ps -cancel 100 ps
# run all
Simulator is doing circuit initialization process.
Finished circuit initialization process.
# restart
# isim force add /master_spi/clk 0 -radix bin -value 1 -radix bin -time 1 ps -repeat 2 ps -cancel 100 ps
# isim force add /master_spi/clk 0 -radix bin -value 1 -radix bin -time 1 ps -repeat 2 ps -cancel 100 ps
# run all
Simulator is doing circuit initialization process.
Finished circuit initialization process.
# restart
# isim force add /master_spi/clk 0 -radix bin -value 1 -radix bin -time 1 ps -repeat 2 ps -cancel 100 ps
# isim force add /master_spi/clk 0 -radix bin -value 1 -radix bin -time 1 ps -repeat 2 ps -cancel 100 ps
# isim force add /master_spi/reset_n 0 -radix bin
# isim force add /master_spi/reset_n 0 -radix bin
# run all
Simulator is doing circuit initialization process.
Finished circuit initialization process.
# restart
# isim force add /master_spi/reloj 0 -radix bin -value 1 -radix bin -time 1 ps -repeat 2 ps -cancel 100 ps
# isim force add /master_spi/reloj 0 -radix bin -value 1 -radix bin -time 1 ps -repeat 2 ps -cancel 100 ps
# isim force add /master_spi/reset_n 0 -radix bin
# isim force add /master_spi/reset_n 0 -radix bin
# isim force add /master_spi/reset_n 0 -radix bin
# run all
Simulator is doing circuit initialization process.
Finished circuit initialization process.
# exit 0
